[2025-10-15 10:17:08] local.ERROR: file_put_contents(C:\Users\US\Documents\organizacao\INFOSI-PROJETO\storage\framework\views/a72ea39fdec0fdf5d56847a58a596af8a524ebfa.php): failed to open stream: No such file or directory {"exception":"[object] (ErrorException(code: 0): file_put_contents(C:\\Users\\US\\Documents\\organizacao\\INFOSI-PROJETO\\storage\\framework\\views/a72ea39fdec0fdf5d56847a58a596af8a524ebfa.php): failed to open stream: No such file or directory at /home/antonio-adao/Transferências/RENT_CAR-ORGANIZA-AO/vendor/laravel/framework/src/Illuminate/Filesystem/Filesystem.php:135)
[stacktrace]
#0 [internal function]: Illuminate\\Foundation\\Bootstrap\\HandleExceptions->handleError()
#1 /home/antonio-adao/Transferências/RENT_CAR-ORGANIZA-AO/vendor/laravel/framework/src/Illuminate/Filesystem/Filesystem.php(135): file_put_contents()
#2 /home/antonio-adao/Transferências/RENT_CAR-ORGANIZA-AO/vendor/laravel/framework/src/Illuminate/View/Compilers/BladeCompiler.php(150): Illuminate\\Filesystem\\Filesystem->put()
#3 /home/antonio-adao/Transferências/RENT_CAR-ORGANIZA-AO/vendor/laravel/framework/src/Illuminate/View/Engines/CompilerEngine.php(51): Illuminate\\View\\Compilers\\BladeCompiler->compile()
#4 /home/antonio-adao/Transferências/RENT_CAR-ORGANIZA-AO/vendor/facade/ignition/src/Views/Engines/CompilerEngine.php(37): Illuminate\\View\\Engines\\CompilerEngine->get()
#5 /home/antonio-adao/Transferências/RENT_CAR-ORGANIZA-AO/vendor/laravel/framework/src/Illuminate/View/View.php(139): Facade\\Ignition\\Views\\Engines\\CompilerEngine->get()
#6 /home/antonio-adao/Transferências/RENT_CAR-ORGANIZA-AO/vendor/laravel/framework/src/Illuminate/View/View.php(122): Illuminate\\View\\View->getContents()
#7 /home/antonio-adao/Transferências/RENT_CAR-ORGANIZA-AO/vendor/laravel/framework/src/Illuminate/View/View.php(91): Illuminate\\View\\View->renderContents()
#8 /home/antonio-adao/Transferências/RENT_CAR-ORGANIZA-AO/vendor/laravel/framework/src/Illuminate/Http/Response.php(62): Illuminate\\View\\View->render()
#9 /home/antonio-adao/Transferências/RENT_CAR-ORGANIZA-AO/vendor/laravel/framework/src/Illuminate/Http/Response.php(34): Illuminate\\Http\\Response->setContent()
#10 /home/antonio-adao/Transferências/RENT_CAR-ORGANIZA-AO/vendor/laravel/framework/src/Illuminate/Routing/ResponseFactory.php(55): Illuminate\\Http\\Response->__construct()
#11 /home/antonio-adao/Transferências/RENT_CAR-ORGANIZA-AO/vendor/laravel/framework/src/Illuminate/Routing/ResponseFactory.php(85): Illuminate\\Routing\\ResponseFactory->make()
#12 /home/antonio-adao/Transferências/RENT_CAR-ORGANIZA-AO/vendor/laravel/framework/src/Illuminate/Foundation/Exceptions/Handler.php(409): Illuminate\\Routing\\ResponseFactory->view()
#13 /home/antonio-adao/Transferências/RENT_CAR-ORGANIZA-AO/vendor/laravel/framework/src/Illuminate/Foundation/Exceptions/Handler.php(314): Illuminate\\Foundation\\Exceptions\\Handler->renderHttpException()
#14 /home/antonio-adao/Transferências/RENT_CAR-ORGANIZA-AO/vendor/laravel/framework/src/Illuminate/Foundation/Exceptions/Handler.php(211): Illuminate\\Foundation\\Exceptions\\Handler->prepareResponse()
#15 /home/antonio-adao/Transferências/RENT_CAR-ORGANIZA-AO/app/Exceptions/Handler.php(53): Illuminate\\Foundation\\Exceptions\\Handler->render()
#16 /home/antonio-adao/Transferências/RENT_CAR-ORGANIZA-AO/vendor/laravel/framework/src/Illuminate/Routing/Pipeline.php(51): App\\Exceptions\\Handler->render()
#17 /home/antonio-adao/Transferências/RENT_CAR-ORGANIZA-AO/vendor/laravel/framework/src/Illuminate/Pipeline/Pipeline.php(130): Illuminate\\Routing\\Pipeline->handleException()
#18 /home/antonio-adao/Transferências/RENT_CAR-ORGANIZA-AO/vendor/laravel/framework/src/Illuminate/Foundation/Http/Middleware/TransformsRequest.php(21): Illuminate\\Pipeline\\Pipeline->Illuminate\\Pipeline\\{closure}()
#19 /home/antonio-adao/Transferências/RENT_CAR-ORGANIZA-AO/vendor/laravel/framework/src/Illuminate/Pipeline/Pipeline.php(167): Illuminate\\Foundation\\Http\\Middleware\\TransformsRequest->handle()
#20 /home/antonio-adao/Transferências/RENT_CAR-ORGANIZA-AO/vendor/laravel/framework/src/Illuminate/Foundation/Http/Middleware/TransformsRequest.php(21): Illuminate\\Pipeline\\Pipeline->Illuminate\\Pipeline\\{closure}()
#21 /home/antonio-adao/Transferências/RENT_CAR-ORGANIZA-AO/vendor/laravel/framework/src/Illuminate/Pipeline/Pipeline.php(167): Illuminate\\Foundation\\Http\\Middleware\\TransformsRequest->handle()
#22 /home/antonio-adao/Transferências/RENT_CAR-ORGANIZA-AO/vendor/laravel/framework/src/Illuminate/Foundation/Http/Middleware/ValidatePostSize.php(27): Illuminate\\Pipeline\\Pipeline->Illuminate\\Pipeline\\{closure}()
#23 /home/antonio-adao/Transferências/RENT_CAR-ORGANIZA-AO/vendor/laravel/framework/src/Illuminate/Pipeline/Pipeline.php(167): Illuminate\\Foundation\\Http\\Middleware\\ValidatePostSize->handle()
#24 /home/antonio-adao/Transferências/RENT_CAR-ORGANIZA-AO/vendor/laravel/framework/src/Illuminate/Foundation/Http/Middleware/CheckForMaintenanceMode.php(63): Illuminate\\Pipeline\\Pipeline->Illuminate\\Pipeline\\{closure}()
#25 /home/antonio-adao/Transferências/RENT_CAR-ORGANIZA-AO/vendor/laravel/framework/src/Illuminate/Pipeline/Pipeline.php(167): Illuminate\\Foundation\\Http\\Middleware\\CheckForMaintenanceMode->handle()
#26 /home/antonio-adao/Transferências/RENT_CAR-ORGANIZA-AO/vendor/fruitcake/laravel-cors/src/HandleCors.php(37): Illuminate\\Pipeline\\Pipeline->Illuminate\\Pipeline\\{closure}()
#27 /home/antonio-adao/Transferências/RENT_CAR-ORGANIZA-AO/vendor/laravel/framework/src/Illuminate/Pipeline/Pipeline.php(167): Fruitcake\\Cors\\HandleCors->handle()
#28 /home/antonio-adao/Transferências/RENT_CAR-ORGANIZA-AO/vendor/fideloper/proxy/src/TrustProxies.php(57): Illuminate\\Pipeline\\Pipeline->Illuminate\\Pipeline\\{closure}()
#29 /home/antonio-adao/Transferências/RENT_CAR-ORGANIZA-AO/vendor/laravel/framework/src/Illuminate/Pipeline/Pipeline.php(167): Fideloper\\Proxy\\TrustProxies->handle()
#30 /home/antonio-adao/Transferências/RENT_CAR-ORGANIZA-AO/vendor/laravel/framework/src/Illuminate/Pipeline/Pipeline.php(103): Illuminate\\Pipeline\\Pipeline->Illuminate\\Pipeline\\{closure}()
#31 /home/antonio-adao/Transferências/RENT_CAR-ORGANIZA-AO/vendor/laravel/framework/src/Illuminate/Foundation/Http/Kernel.php(140): Illuminate\\Pipeline\\Pipeline->then()
#32 /home/antonio-adao/Transferências/RENT_CAR-ORGANIZA-AO/vendor/laravel/framework/src/Illuminate/Foundation/Http/Kernel.php(109): Illuminate\\Foundation\\Http\\Kernel->sendRequestThroughRouter()
#33 /home/antonio-adao/Transferências/RENT_CAR-ORGANIZA-AO/public/index.php(55): Illuminate\\Foundation\\Http\\Kernel->handle()
#34 /home/antonio-adao/Transferências/RENT_CAR-ORGANIZA-AO/server.php(21): require_once('/home/antonio-a...')
#35 {main}
"} 
[2025-10-15 10:17:40] local.INFO: Cars with reservations: [{"id":3,"deleted_at":null,"chassi":"33333","category":"Economy","models_id":4,"color_id":3,"brand_id":4,"fuel_id":1,"manufacture_date":2019,"supplier_id":1,"mileage":70,"number_of_doors":5,"number_of_seats":5,"engine":"75","transmission":"Automático","registration_date":"2025-09-09","observations":"O carro ideal para serviços privados.","license_plate":"LD-03-03-HD","image":"1757420207_image.jfif","interior_image":null,"lateral_image":null,"exterior_image":null,"car_insurance":"33333","car_insurance_upload":"1757420207_insurance.pdf","car_document":"33333","car_document_upload":"1757420207_document.pdf","inspection_date":"2025-09-09","inspection_document_upload":"1757420207_inspection.pdf","price":"40000.00","created_at":"2025-09-09T12:16:47.000000Z","updated_at":"2025-09-09T12:16:47.000000Z","status":"available","type_car":"compact","brand":{"id":4,"name":"Suzuki","image":"1757333313_image.png","description":"suzuki","date":"2025-09-08","created_at":"2025-09-08T12:08:33.000000Z","updated_at":"2025-09-08T12:08:33.000000Z","deleted_at":null},"models":{"id":4,"name":"Spresso","description":"spresso","date":"2025-09-08","brand_id":4,"created_at":"2025-09-08T12:11:08.000000Z","updated_at":"2025-09-08T12:11:08.000000Z","deleted_at":null},"color":{"id":3,"name":"Vermelho","description":"vermelho","date":"2025-09-08","created_at":"2025-09-08T12:16:00.000000Z","updated_at":"2025-09-08T12:16:00.000000Z","deleted_at":null},"fuel":{"id":1,"name":"Gasolina","description":"gasolina","date":"2025-09-08","created_at":"2025-09-08T12:13:57.000000Z","updated_at":"2025-09-08T12:13:57.000000Z","deleted_at":null},"reserves":[]},{"id":4,"deleted_at":null,"chassi":"44444","category":"Economy","models_id":3,"color_id":2,"brand_id":4,"fuel_id":4,"manufacture_date":2017,"supplier_id":1,"mileage":50,"number_of_doors":5,"number_of_seats":5,"engine":"76","transmission":"Manual","registration_date":"2025-09-09","observations":"Carro simples e muito económico.","license_plate":"LD-04-04-HD","image":"1757420476_image.jfif","interior_image":null,"lateral_image":null,"exterior_image":null,"car_insurance":"44444","car_insurance_upload":"1757420476_insurance.pdf","car_document":"44444","car_document_upload":"1757420476_document.pdf","inspection_date":"2025-09-09","inspection_document_upload":"1757420476_inspection.pdf","price":"35000.00","created_at":"2025-09-09T12:21:16.000000Z","updated_at":"2025-09-19T09:14:34.000000Z","status":"available","type_car":"sports_car","brand":{"id":4,"name":"Suzuki","image":"1757333313_image.png","description":"suzuki","date":"2025-09-08","created_at":"2025-09-08T12:08:33.000000Z","updated_at":"2025-09-08T12:08:33.000000Z","deleted_at":null},"models":{"id":3,"name":"Alto","description":"alto","date":"2025-09-08","brand_id":4,"created_at":"2025-09-08T12:10:40.000000Z","updated_at":"2025-09-08T12:10:40.000000Z","deleted_at":null},"color":{"id":2,"name":"Branco","description":"branco","date":"2025-09-08","created_at":"2025-09-08T12:15:44.000000Z","updated_at":"2025-09-08T12:15:44.000000Z","deleted_at":null},"fuel":{"id":4,"name":"Gasóleo","description":"gasóleo","date":"2025-09-08","created_at":"2025-09-08T12:15:05.000000Z","updated_at":"2025-09-08T12:15:05.000000Z","deleted_at":null},"reserves":[{"id":2,"client_id":3,"car_id":4,"pickup_location":"Cacuaco","start_date":"2025-09-16","end_date":"2025-09-23","total_amount":"420000.00","resources":[],"status":"completed","driver_id":1,"return_location":null,"delivery_time":null,"return_time":null,"created_at":"2025-09-09T21:15:29.000000Z","updated_at":"2025-09-19T09:14:34.000000Z","deleted_at":null}]},{"id":6,"deleted_at":null,"chassi":"66666","category":"Standard","models_id":6,"color_id":2,"brand_id":3,"fuel_id":4,"manufacture_date":2019,"supplier_id":2,"mileage":80,"number_of_doors":5,"number_of_seats":5,"engine":"75","transmission":"Automático","registration_date":"2025-09-09","observations":"Carro potente e sofisticado.","license_plate":"LD-06-06-HD","image":"1757421754_image.jfif","interior_image":null,"lateral_image":null,"exterior_image":null,"car_insurance":"66666","car_insurance_upload":"1757421754_insurance.pdf","car_document":"66666","car_document_upload":"1757421754_document.pdf","inspection_date":"2025-09-09","inspection_document_upload":"1757421754_inspection.pdf","price":"55000.00","created_at":"2025-09-09T12:42:34.000000Z","updated_at":"2025-09-09T12:42:34.000000Z","status":"available","type_car":"minivan","brand":{"id":3,"name":"Toyota","image":"1757333287_image.png","description":"toyota","date":"2025-09-08","created_at":"2025-09-08T12:08:07.000000Z","updated_at":"2025-09-08T12:08:07.000000Z","deleted_at":null},"models":{"id":6,"name":"Starlet","description":"starlet","date":"2025-09-08","brand_id":3,"created_at":"2025-09-08T12:12:44.000000Z","updated_at":"2025-09-08T12:12:44.000000Z","deleted_at":null},"color":{"id":2,"name":"Branco","description":"branco","date":"2025-09-08","created_at":"2025-09-08T12:15:44.000000Z","updated_at":"2025-09-08T12:15:44.000000Z","deleted_at":null},"fuel":{"id":4,"name":"Gasóleo","description":"gasóleo","date":"2025-09-08","created_at":"2025-09-08T12:15:05.000000Z","updated_at":"2025-09-08T12:15:05.000000Z","deleted_at":null},"reserves":[]},{"id":14,"deleted_at":null,"chassi":"10101010","category":"Economy","models_id":8,"color_id":3,"brand_id":1,"fuel_id":4,"manufacture_date":2017,"supplier_id":1,"mileage":0,"number_of_doors":5,"number_of_seats":5,"engine":"240 kva","transmission":"Automático","registration_date":"2025-09-19","observations":"Carro simples e muito sofisticado.","license_plate":"LD-10-10-HD","image":"1758273600_image.jpg","interior_image":null,"lateral_image":null,"exterior_image":null,"car_insurance":"10101010","car_insurance_upload":"1758273600_insurance.pdf","car_document":"10101010","car_document_upload":"1758273600_document.pdf","inspection_date":"2025-09-19","inspection_document_upload":"1758273600_inspection.pdf","price":"40000.00","created_at":"2025-09-19T09:20:00.000000Z","updated_at":"2025-09-19T09:20:00.000000Z","status":"available","type_car":"compact_suv","brand":{"id":1,"name":"Kia","image":"1757333237_image.png","description":"kia","date":"2025-09-08","created_at":"2025-09-08T12:07:17.000000Z","updated_at":"2025-09-08T12:07:17.000000Z","deleted_at":null},"models":{"id":8,"name":"Picanto","description":"picanto","date":"2025-09-08","brand_id":1,"created_at":"2025-09-08T12:13:29.000000Z","updated_at":"2025-09-08T12:13:29.000000Z","deleted_at":null},"color":{"id":3,"name":"Vermelho","description":"vermelho","date":"2025-09-08","created_at":"2025-09-08T12:16:00.000000Z","updated_at":"2025-09-08T12:16:00.000000Z","deleted_at":null},"fuel":{"id":4,"name":"Gasóleo","description":"gasóleo","date":"2025-09-08","created_at":"2025-09-08T12:15:05.000000Z","updated_at":"2025-09-08T12:15:05.000000Z","deleted_at":null},"reserves":[]},{"id":15,"deleted_at":null,"chassi":"12121212","category":"Economy","models_id":17,"color_id":2,"brand_id":1,"fuel_id":1,"manufacture_date":2020,"supplier_id":1,"mileage":0,"number_of_doors":5,"number_of_seats":5,"engine":"150 kva","transmission":"Automático","registration_date":"2025-09-19","observations":"Carro muito seguro e sofisticado.","license_plate":"LD-12-12-HD","image":"1758274082_image.jpg","interior_image":null,"lateral_image":null,"exterior_image":null,"car_insurance":"12121212","car_insurance_upload":"1758274082_insurance.pdf","car_document":"12121212","car_document_upload":"1758274082_document.pdf","inspection_date":"2025-09-19","inspection_document_upload":"1758274082_inspection.pdf","price":"80000.00","created_at":"2025-09-19T09:28:02.000000Z","updated_at":"2025-09-19T09:28:02.000000Z","status":"available","type_car":"compact_suv","brand":{"id":1,"name":"Kia","image":"1757333237_image.png","description":"kia","date":"2025-09-08","created_at":"2025-09-08T12:07:17.000000Z","updated_at":"2025-09-08T12:07:17.000000Z","deleted_at":null},"models":{"id":17,"name":"Sportage","description":"sportage","date":"2025-09-16","brand_id":1,"created_at":"2025-09-16T09:27:18.000000Z","updated_at":"2025-09-16T09:27:18.000000Z","deleted_at":null},"color":{"id":2,"name":"Branco","description":"branco","date":"2025-09-08","created_at":"2025-09-08T12:15:44.000000Z","updated_at":"2025-09-08T12:15:44.000000Z","deleted_at":null},"fuel":{"id":1,"name":"Gasolina","description":"gasolina","date":"2025-09-08","created_at":"2025-09-08T12:13:57.000000Z","updated_at":"2025-09-08T12:13:57.000000Z","deleted_at":null},"reserves":[]},{"id":16,"deleted_at":null,"chassi":"13131313","category":"Economy","models_id":11,"color_id":2,"brand_id":2,"fuel_id":1,"manufacture_date":2017,"supplier_id":2,"mileage":0,"number_of_doors":5,"number_of_seats":5,"engine":"150 kva","transmission":"Automático","registration_date":"2025-09-19","observations":"Útil para o dia-a-dia.","license_plate":"LD-13-13-HD","image":"1758274238_image.jpg","interior_image":null,"lateral_image":null,"exterior_image":null,"car_insurance":"13131313","car_insurance_upload":"1758274238_insurance.pdf","car_document":"13131313","car_document_upload":"1758274238_document.pdf","inspection_date":"2025-09-19","inspection_document_upload":"1758274238_inspection.pdf","price":"30000.00","created_at":"2025-09-19T09:30:38.000000Z","updated_at":"2025-09-19T09:30:38.000000Z","status":"available","type_car":"compact_suv","brand":{"id":2,"name":"Hyundai","image":"1757333263_image.png","description":"hyundai","date":"2025-09-08","created_at":"2025-09-08T12:07:43.000000Z","updated_at":"2025-09-08T12:07:43.000000Z","deleted_at":null},"models":{"id":11,"name":"Grand i10","description":"grand i10","date":"2025-09-16","brand_id":2,"created_at":"2025-09-16T09:22:00.000000Z","updated_at":"2025-09-16T09:22:00.000000Z","deleted_at":null},"color":{"id":2,"name":"Branco","description":"branco","date":"2025-09-08","created_at":"2025-09-08T12:15:44.000000Z","updated_at":"2025-09-08T12:15:44.000000Z","deleted_at":null},"fuel":{"id":1,"name":"Gasolina","description":"gasolina","date":"2025-09-08","created_at":"2025-09-08T12:13:57.000000Z","updated_at":"2025-09-08T12:13:57.000000Z","deleted_at":null},"reserves":[]},{"id":17,"deleted_at":null,"chassi":"14141414","category":"Economy","models_id":18,"color_id":2,"brand_id":2,"fuel_id":1,"manufacture_date":2017,"supplier_id":2,"mileage":0,"number_of_doors":5,"number_of_seats":5,"engine":"250 kva","transmission":"Automático","registration_date":"2025-09-19","observations":"Lindo Carro.","license_plate":"LD-14-14-HD","image":"1758274514_image.jpg","interior_image":null,"lateral_image":null,"exterior_image":null,"car_insurance":"14141414","car_insurance_upload":"1758274514_insurance.pdf","car_document":"14141414","car_document_upload":"1758274514_document.pdf","inspection_date":"2025-09-19","inspection_document_upload":"1758274514_inspection.pdf","price":"60000.00","created_at":"2025-09-19T09:35:14.000000Z","updated_at":"2025-09-19T09:35:14.000000Z","status":"available","type_car":"suv","brand":{"id":2,"name":"Hyundai","image":"1757333263_image.png","description":"hyundai","date":"2025-09-08","created_at":"2025-09-08T12:07:43.000000Z","updated_at":"2025-09-08T12:07:43.000000Z","deleted_at":null},"models":{"id":18,"name":"Elantra","description":"elantra trim","date":"2025-09-16","brand_id":2,"created_at":"2025-09-16T09:28:19.000000Z","updated_at":"2025-09-16T09:28:19.000000Z","deleted_at":null},"color":{"id":2,"name":"Branco","description":"branco","date":"2025-09-08","created_at":"2025-09-08T12:15:44.000000Z","updated_at":"2025-09-08T12:15:44.000000Z","deleted_at":null},"fuel":{"id":1,"name":"Gasolina","description":"gasolina","date":"2025-09-08","created_at":"2025-09-08T12:13:57.000000Z","updated_at":"2025-09-08T12:13:57.000000Z","deleted_at":null},"reserves":[]},{"id":18,"deleted_at":null,"chassi":"15151515","category":"Luxury","models_id":19,"color_id":2,"brand_id":16,"fuel_id":3,"manufacture_date":2022,"supplier_id":1,"mileage":0,"number_of_doors":5,"number_of_seats":7,"engine":"350 kva","transmission":"Automático","registration_date":"2025-09-19","observations":"Carro luxuoso e muito confortável.","license_plate":"LD-15-15-HD","image":"1758274834_image.jpg","interior_image":null,"lateral_image":null,"exterior_image":null,"car_insurance":"15151515","car_insurance_upload":"1758274834_insurance.pdf","car_document":"15151515","car_document_upload":"1758274834_document.pdf","inspection_date":"2025-09-19","inspection_document_upload":"1758274834_inspection.pdf","price":"120000.00","created_at":"2025-09-19T09:40:34.000000Z","updated_at":"2025-09-19T09:40:34.000000Z","status":"available","type_car":"coupe","brand":{"id":16,"name":"Lexus","image":"1758013665_image.png","description":"lexus","date":"2025-09-16","created_at":"2025-09-16T09:07:45.000000Z","updated_at":"2025-09-16T09:07:45.000000Z","deleted_at":null},"models":{"id":19,"name":"LX570","description":"lx570","date":"2025-09-16","brand_id":16,"created_at":"2025-09-16T09:29:11.000000Z","updated_at":"2025-09-16T09:29:11.000000Z","deleted_at":null},"color":{"id":2,"name":"Branco","description":"branco","date":"2025-09-08","created_at":"2025-09-08T12:15:44.000000Z","updated_at":"2025-09-08T12:15:44.000000Z","deleted_at":null},"fuel":{"id":3,"name":"Híbrido","description":"híbrido","date":"2025-09-08","created_at":"2025-09-08T12:14:42.000000Z","updated_at":"2025-09-08T12:14:42.000000Z","deleted_at":null},"reserves":[]},{"id":19,"deleted_at":null,"chassi":"16161616","category":"Standard","models_id":16,"color_id":3,"brand_id":3,"fuel_id":3,"manufacture_date":2018,"supplier_id":1,"mileage":0,"number_of_doors":4,"number_of_seats":5,"engine":"450 kva","transmission":"Manual","registration_date":"2025-09-19","observations":"Carro todo terreno, útil para grandes viagens.","license_plate":"LD-16-16-HD","image":"1758275074_image.jpg","interior_image":null,"lateral_image":null,"exterior_image":null,"car_insurance":"16161616","car_insurance_upload":"1758275074_insurance.pdf","car_document":"16161616","car_document_upload":"1758275074_document.pdf","inspection_date":"2025-09-19","inspection_document_upload":"1758275074_inspection.pdf","price":"90000.00","created_at":"2025-09-19T09:44:34.000000Z","updated_at":"2025-09-19T09:44:34.000000Z","status":"available","type_car":"station_wagon","brand":{"id":3,"name":"Toyota","image":"1757333287_image.png","description":"toyota","date":"2025-09-08","created_at":"2025-09-08T12:08:07.000000Z","updated_at":"2025-09-08T12:08:07.000000Z","deleted_at":null},"models":{"id":16,"name":"Revo","description":"revo","date":"2025-09-16","brand_id":3,"created_at":"2025-09-16T09:26:45.000000Z","updated_at":"2025-09-16T09:26:45.000000Z","deleted_at":null},"color":{"id":3,"name":"Vermelho","description":"vermelho","date":"2025-09-08","created_at":"2025-09-08T12:16:00.000000Z","updated_at":"2025-09-08T12:16:00.000000Z","deleted_at":null},"fuel":{"id":3,"name":"Híbrido","description":"híbrido","date":"2025-09-08","created_at":"2025-09-08T12:14:42.000000Z","updated_at":"2025-09-08T12:14:42.000000Z","deleted_at":null},"reserves":[]}] 
[2025-10-15 10:17:40] local.ERROR: View [site.home.index] not found. {"exception":"[object] (InvalidArgumentException(code: 0): View [site.home.index] not found. at /home/antonio-adao/Transferências/RENT_CAR-ORGANIZA-AO/vendor/laravel/framework/src/Illuminate/View/FileViewFinder.php:137)
[stacktrace]
#0 /home/antonio-adao/Transferências/RENT_CAR-ORGANIZA-AO/vendor/laravel/framework/src/Illuminate/View/FileViewFinder.php(79): Illuminate\\View\\FileViewFinder->findInPaths()
#1 /home/antonio-adao/Transferências/RENT_CAR-ORGANIZA-AO/vendor/laravel/framework/src/Illuminate/View/Factory.php(138): Illuminate\\View\\FileViewFinder->find()
#2 /home/antonio-adao/Transferências/RENT_CAR-ORGANIZA-AO/vendor/laravel/framework/src/Illuminate/Foundation/helpers.php(961): Illuminate\\View\\Factory->make()
#3 /home/antonio-adao/Transferências/RENT_CAR-ORGANIZA-AO/app/Http/Controllers/Site/HomeController.php(37): view()
#4 /home/antonio-adao/Transferências/RENT_CAR-ORGANIZA-AO/vendor/laravel/framework/src/Illuminate/Routing/Controller.php(54): App\\Http\\Controllers\\Site\\HomeController->index()
#5 /home/antonio-adao/Transferências/RENT_CAR-ORGANIZA-AO/vendor/laravel/framework/src/Illuminate/Routing/ControllerDispatcher.php(45): Illuminate\\Routing\\Controller->callAction()
#6 /home/antonio-adao/Transferências/RENT_CAR-ORGANIZA-AO/vendor/laravel/framework/src/Illuminate/Routing/Route.php(239): Illuminate\\Routing\\ControllerDispatcher->dispatch()
#7 /home/antonio-adao/Transferências/RENT_CAR-ORGANIZA-AO/vendor/laravel/framework/src/Illuminate/Routing/Route.php(196): Illuminate\\Routing\\Route->runController()
#8 /home/antonio-adao/Transferências/RENT_CAR-ORGANIZA-AO/vendor/laravel/framework/src/Illuminate/Routing/Router.php(685): Illuminate\\Routing\\Route->run()
#9 /home/antonio-adao/Transferências/RENT_CAR-ORGANIZA-AO/vendor/laravel/framework/src/Illuminate/Pipeline/Pipeline.php(128): Illuminate\\Routing\\Router->Illuminate\\Routing\\{closure}()
#10 /home/antonio-adao/Transferências/RENT_CAR-ORGANIZA-AO/vendor/laravel/framework/src/Illuminate/Routing/Middleware/SubstituteBindings.php(41): Illuminate\\Pipeline\\Pipeline->Illuminate\\Pipeline\\{closure}()
#11 /home/antonio-adao/Transferências/RENT_CAR-ORGANIZA-AO/vendor/laravel/framework/src/Illuminate/Pipeline/Pipeline.php(167): Illuminate\\Routing\\Middleware\\SubstituteBindings->handle()
#12 /home/antonio-adao/Transferências/RENT_CAR-ORGANIZA-AO/vendor/laravel/framework/src/Illuminate/Foundation/Http/Middleware/VerifyCsrfToken.php(78): Illuminate\\Pipeline\\Pipeline->Illuminate\\Pipeline\\{closure}()
#13 /home/antonio-adao/Transferências/RENT_CAR-ORGANIZA-AO/vendor/laravel/framework/src/Illuminate/Pipeline/Pipeline.php(167): Illuminate\\Foundation\\Http\\Middleware\\VerifyCsrfToken->handle()
#14 /home/antonio-adao/Transferências/RENT_CAR-ORGANIZA-AO/vendor/laravel/framework/src/Illuminate/View/Middleware/ShareErrorsFromSession.php(49): Illuminate\\Pipeline\\Pipeline->Illuminate\\Pipeline\\{closure}()
#15 /home/antonio-adao/Transferências/RENT_CAR-ORGANIZA-AO/vendor/laravel/framework/src/Illuminate/Pipeline/Pipeline.php(167): Illuminate\\View\\Middleware\\ShareErrorsFromSession->handle()
#16 /home/antonio-adao/Transferências/RENT_CAR-ORGANIZA-AO/vendor/laravel/framework/src/Illuminate/Session/Middleware/StartSession.php(116): Illuminate\\Pipeline\\Pipeline->Illuminate\\Pipeline\\{closure}()
#17 /home/antonio-adao/Transferências/RENT_CAR-ORGANIZA-AO/vendor/laravel/framework/src/Illuminate/Session/Middleware/StartSession.php(62): Illuminate\\Session\\Middleware\\StartSession->handleStatefulRequest()
#18 /home/antonio-adao/Transferências/RENT_CAR-ORGANIZA-AO/vendor/laravel/framework/src/Illuminate/Pipeline/Pipeline.php(167): Illuminate\\Session\\Middleware\\StartSession->handle()
#19 /home/antonio-adao/Transferências/RENT_CAR-ORGANIZA-AO/vendor/laravel/framework/src/Illuminate/Cookie/Middleware/AddQueuedCookiesToResponse.php(37): Illuminate\\Pipeline\\Pipeline->Illuminate\\Pipeline\\{closure}()
#20 /home/antonio-adao/Transferências/RENT_CAR-ORGANIZA-AO/vendor/laravel/framework/src/Illuminate/Pipeline/Pipeline.php(167): Illuminate\\Cookie\\Middleware\\AddQueuedCookiesToResponse->handle()
#21 /home/antonio-adao/Transferências/RENT_CAR-ORGANIZA-AO/vendor/laravel/framework/src/Illuminate/Cookie/Middleware/EncryptCookies.php(67): Illuminate\\Pipeline\\Pipeline->Illuminate\\Pipeline\\{closure}()
#22 /home/antonio-adao/Transferências/RENT_CAR-ORGANIZA-AO/vendor/laravel/framework/src/Illuminate/Pipeline/Pipeline.php(167): Illuminate\\Cookie\\Middleware\\EncryptCookies->handle()
#23 /home/antonio-adao/Transferências/RENT_CAR-ORGANIZA-AO/vendor/laravel/framework/src/Illuminate/Pipeline/Pipeline.php(103): Illuminate\\Pipeline\\Pipeline->Illuminate\\Pipeline\\{closure}()
#24 /home/antonio-adao/Transferências/RENT_CAR-ORGANIZA-AO/vendor/laravel/framework/src/Illuminate/Routing/Router.php(687): Illuminate\\Pipeline\\Pipeline->then()
#25 /home/antonio-adao/Transferências/RENT_CAR-ORGANIZA-AO/vendor/laravel/framework/src/Illuminate/Routing/Router.php(662): Illuminate\\Routing\\Router->runRouteWithinStack()
#26 /home/antonio-adao/Transferências/RENT_CAR-ORGANIZA-AO/vendor/laravel/framework/src/Illuminate/Routing/Router.php(628): Illuminate\\Routing\\Router->runRoute()
#27 /home/antonio-adao/Transferências/RENT_CAR-ORGANIZA-AO/vendor/laravel/framework/src/Illuminate/Routing/Router.php(617): Illuminate\\Routing\\Router->dispatchToRoute()
#28 /home/antonio-adao/Transferências/RENT_CAR-ORGANIZA-AO/vendor/laravel/framework/src/Illuminate/Foundation/Http/Kernel.php(165): Illuminate\\Routing\\Router->dispatch()
#29 /home/antonio-adao/Transferências/RENT_CAR-ORGANIZA-AO/vendor/laravel/framework/src/Illuminate/Pipeline/Pipeline.php(128): Illuminate\\Foundation\\Http\\Kernel->Illuminate\\Foundation\\Http\\{closure}()
#30 /home/antonio-adao/Transferências/RENT_CAR-ORGANIZA-AO/vendor/laravel/framework/src/Illuminate/Foundation/Http/Middleware/TransformsRequest.php(21): Illuminate\\Pipeline\\Pipeline->Illuminate\\Pipeline\\{closure}()
#31 /home/antonio-adao/Transferências/RENT_CAR-ORGANIZA-AO/vendor/laravel/framework/src/Illuminate/Pipeline/Pipeline.php(167): Illuminate\\Foundation\\Http\\Middleware\\TransformsRequest->handle()
#32 /home/antonio-adao/Transferências/RENT_CAR-ORGANIZA-AO/vendor/laravel/framework/src/Illuminate/Foundation/Http/Middleware/TransformsRequest.php(21): Illuminate\\Pipeline\\Pipeline->Illuminate\\Pipeline\\{closure}()
#33 /home/antonio-adao/Transferências/RENT_CAR-ORGANIZA-AO/vendor/laravel/framework/src/Illuminate/Pipeline/Pipeline.php(167): Illuminate\\Foundation\\Http\\Middleware\\TransformsRequest->handle()
#34 /home/antonio-adao/Transferências/RENT_CAR-ORGANIZA-AO/vendor/laravel/framework/src/Illuminate/Foundation/Http/Middleware/ValidatePostSize.php(27): Illuminate\\Pipeline\\Pipeline->Illuminate\\Pipeline\\{closure}()
#35 /home/antonio-adao/Transferências/RENT_CAR-ORGANIZA-AO/vendor/laravel/framework/src/Illuminate/Pipeline/Pipeline.php(167): Illuminate\\Foundation\\Http\\Middleware\\ValidatePostSize->handle()
#36 /home/antonio-adao/Transferências/RENT_CAR-ORGANIZA-AO/vendor/laravel/framework/src/Illuminate/Foundation/Http/Middleware/CheckForMaintenanceMode.php(63): Illuminate\\Pipeline\\Pipeline->Illuminate\\Pipeline\\{closure}()
#37 /home/antonio-adao/Transferências/RENT_CAR-ORGANIZA-AO/vendor/laravel/framework/src/Illuminate/Pipeline/Pipeline.php(167): Illuminate\\Foundation\\Http\\Middleware\\CheckForMaintenanceMode->handle()
#38 /home/antonio-adao/Transferências/RENT_CAR-ORGANIZA-AO/vendor/fruitcake/laravel-cors/src/HandleCors.php(37): Illuminate\\Pipeline\\Pipeline->Illuminate\\Pipeline\\{closure}()
#39 /home/antonio-adao/Transferências/RENT_CAR-ORGANIZA-AO/vendor/laravel/framework/src/Illuminate/Pipeline/Pipeline.php(167): Fruitcake\\Cors\\HandleCors->handle()
#40 /home/antonio-adao/Transferências/RENT_CAR-ORGANIZA-AO/vendor/fideloper/proxy/src/TrustProxies.php(57): Illuminate\\Pipeline\\Pipeline->Illuminate\\Pipeline\\{closure}()
#41 /home/antonio-adao/Transferências/RENT_CAR-ORGANIZA-AO/vendor/laravel/framework/src/Illuminate/Pipeline/Pipeline.php(167): Fideloper\\Proxy\\TrustProxies->handle()
#42 /home/antonio-adao/Transferências/RENT_CAR-ORGANIZA-AO/vendor/laravel/framework/src/Illuminate/Pipeline/Pipeline.php(103): Illuminate\\Pipeline\\Pipeline->Illuminate\\Pipeline\\{closure}()
#43 /home/antonio-adao/Transferências/RENT_CAR-ORGANIZA-AO/vendor/laravel/framework/src/Illuminate/Foundation/Http/Kernel.php(140): Illuminate\\Pipeline\\Pipeline->then()
#44 /home/antonio-adao/Transferências/RENT_CAR-ORGANIZA-AO/vendor/laravel/framework/src/Illuminate/Foundation/Http/Kernel.php(109): Illuminate\\Foundation\\Http\\Kernel->sendRequestThroughRouter()
#45 /home/antonio-adao/Transferências/RENT_CAR-ORGANIZA-AO/public/index.php(55): Illuminate\\Foundation\\Http\\Kernel->handle()
#46 /home/antonio-adao/Transferências/RENT_CAR-ORGANIZA-AO/server.php(21): require_once('/home/antonio-a...')
#47 {main}
"} 
[2025-10-15 10:17:41] local.ERROR: file_put_contents(C:\Users\US\Documents\organizacao\INFOSI-PROJETO\storage\framework/sessions/oYNYkxUqQsq0i8GpzrWErHAhFz3QNT4pCnPyDraQ): failed to open stream: No such file or directory {"exception":"[object] (ErrorException(code: 0): file_put_contents(C:\\Users\\US\\Documents\\organizacao\\INFOSI-PROJETO\\storage\\framework/sessions/oYNYkxUqQsq0i8GpzrWErHAhFz3QNT4pCnPyDraQ): failed to open stream: No such file or directory at /home/antonio-adao/Transferências/RENT_CAR-ORGANIZA-AO/vendor/laravel/framework/src/Illuminate/Filesystem/Filesystem.php:135)
[stacktrace]
#0 [internal function]: Illuminate\\Foundation\\Bootstrap\\HandleExceptions->handleError()
#1 /home/antonio-adao/Transferências/RENT_CAR-ORGANIZA-AO/vendor/laravel/framework/src/Illuminate/Filesystem/Filesystem.php(135): file_put_contents()
#2 /home/antonio-adao/Transferências/RENT_CAR-ORGANIZA-AO/vendor/laravel/framework/src/Illuminate/Session/FileSessionHandler.php(83): Illuminate\\Filesystem\\Filesystem->put()
#3 /home/antonio-adao/Transferências/RENT_CAR-ORGANIZA-AO/vendor/laravel/framework/src/Illuminate/Session/Store.php(129): Illuminate\\Session\\FileSessionHandler->write()
#4 /home/antonio-adao/Transferências/RENT_CAR-ORGANIZA-AO/vendor/laravel/framework/src/Illuminate/Session/Middleware/StartSession.php(231): Illuminate\\Session\\Store->save()
#5 /home/antonio-adao/Transferências/RENT_CAR-ORGANIZA-AO/vendor/laravel/framework/src/Illuminate/Session/Middleware/StartSession.php(125): Illuminate\\Session\\Middleware\\StartSession->saveSession()
#6 /home/antonio-adao/Transferências/RENT_CAR-ORGANIZA-AO/vendor/laravel/framework/src/Illuminate/Session/Middleware/StartSession.php(62): Illuminate\\Session\\Middleware\\StartSession->handleStatefulRequest()
#7 /home/antonio-adao/Transferências/RENT_CAR-ORGANIZA-AO/vendor/laravel/framework/src/Illuminate/Pipeline/Pipeline.php(167): Illuminate\\Session\\Middleware\\StartSession->handle()
#8 /home/antonio-adao/Transferências/RENT_CAR-ORGANIZA-AO/vendor/laravel/framework/src/Illuminate/Cookie/Middleware/AddQueuedCookiesToResponse.php(37): Illuminate\\Pipeline\\Pipeline->Illuminate\\Pipeline\\{closure}()
#9 /home/antonio-adao/Transferências/RENT_CAR-ORGANIZA-AO/vendor/laravel/framework/src/Illuminate/Pipeline/Pipeline.php(167): Illuminate\\Cookie\\Middleware\\AddQueuedCookiesToResponse->handle()
#10 /home/antonio-adao/Transferências/RENT_CAR-ORGANIZA-AO/vendor/laravel/framework/src/Illuminate/Cookie/Middleware/EncryptCookies.php(67): Illuminate\\Pipeline\\Pipeline->Illuminate\\Pipeline\\{closure}()
#11 /home/antonio-adao/Transferências/RENT_CAR-ORGANIZA-AO/vendor/laravel/framework/src/Illuminate/Pipeline/Pipeline.php(167): Illuminate\\Cookie\\Middleware\\EncryptCookies->handle()
#12 /home/antonio-adao/Transferências/RENT_CAR-ORGANIZA-AO/vendor/laravel/framework/src/Illuminate/Pipeline/Pipeline.php(103): Illuminate\\Pipeline\\Pipeline->Illuminate\\Pipeline\\{closure}()
#13 /home/antonio-adao/Transferências/RENT_CAR-ORGANIZA-AO/vendor/laravel/framework/src/Illuminate/Routing/Router.php(687): Illuminate\\Pipeline\\Pipeline->then()
#14 /home/antonio-adao/Transferências/RENT_CAR-ORGANIZA-AO/vendor/laravel/framework/src/Illuminate/Routing/Router.php(662): Illuminate\\Routing\\Router->runRouteWithinStack()
#15 /home/antonio-adao/Transferências/RENT_CAR-ORGANIZA-AO/vendor/laravel/framework/src/Illuminate/Routing/Router.php(628): Illuminate\\Routing\\Router->runRoute()
#16 /home/antonio-adao/Transferências/RENT_CAR-ORGANIZA-AO/vendor/laravel/framework/src/Illuminate/Routing/Router.php(617): Illuminate\\Routing\\Router->dispatchToRoute()
#17 /home/antonio-adao/Transferências/RENT_CAR-ORGANIZA-AO/vendor/laravel/framework/src/Illuminate/Foundation/Http/Kernel.php(165): Illuminate\\Routing\\Router->dispatch()
#18 /home/antonio-adao/Transferências/RENT_CAR-ORGANIZA-AO/vendor/laravel/framework/src/Illuminate/Pipeline/Pipeline.php(128): Illuminate\\Foundation\\Http\\Kernel->Illuminate\\Foundation\\Http\\{closure}()
#19 /home/antonio-adao/Transferências/RENT_CAR-ORGANIZA-AO/vendor/laravel/framework/src/Illuminate/Foundation/Http/Middleware/TransformsRequest.php(21): Illuminate\\Pipeline\\Pipeline->Illuminate\\Pipeline\\{closure}()
#20 /home/antonio-adao/Transferências/RENT_CAR-ORGANIZA-AO/vendor/laravel/framework/src/Illuminate/Pipeline/Pipeline.php(167): Illuminate\\Foundation\\Http\\Middleware\\TransformsRequest->handle()
#21 /home/antonio-adao/Transferências/RENT_CAR-ORGANIZA-AO/vendor/laravel/framework/src/Illuminate/Foundation/Http/Middleware/TransformsRequest.php(21): Illuminate\\Pipeline\\Pipeline->Illuminate\\Pipeline\\{closure}()
#22 /home/antonio-adao/Transferências/RENT_CAR-ORGANIZA-AO/vendor/laravel/framework/src/Illuminate/Pipeline/Pipeline.php(167): Illuminate\\Foundation\\Http\\Middleware\\TransformsRequest->handle()
#23 /home/antonio-adao/Transferências/RENT_CAR-ORGANIZA-AO/vendor/laravel/framework/src/Illuminate/Foundation/Http/Middleware/ValidatePostSize.php(27): Illuminate\\Pipeline\\Pipeline->Illuminate\\Pipeline\\{closure}()
#24 /home/antonio-adao/Transferências/RENT_CAR-ORGANIZA-AO/vendor/laravel/framework/src/Illuminate/Pipeline/Pipeline.php(167): Illuminate\\Foundation\\Http\\Middleware\\ValidatePostSize->handle()
#25 /home/antonio-adao/Transferências/RENT_CAR-ORGANIZA-AO/vendor/laravel/framework/src/Illuminate/Foundation/Http/Middleware/CheckForMaintenanceMode.php(63): Illuminate\\Pipeline\\Pipeline->Illuminate\\Pipeline\\{closure}()
#26 /home/antonio-adao/Transferências/RENT_CAR-ORGANIZA-AO/vendor/laravel/framework/src/Illuminate/Pipeline/Pipeline.php(167): Illuminate\\Foundation\\Http\\Middleware\\CheckForMaintenanceMode->handle()
#27 /home/antonio-adao/Transferências/RENT_CAR-ORGANIZA-AO/vendor/fruitcake/laravel-cors/src/HandleCors.php(37): Illuminate\\Pipeline\\Pipeline->Illuminate\\Pipeline\\{closure}()
#28 /home/antonio-adao/Transferências/RENT_CAR-ORGANIZA-AO/vendor/laravel/framework/src/Illuminate/Pipeline/Pipeline.php(167): Fruitcake\\Cors\\HandleCors->handle()
#29 /home/antonio-adao/Transferências/RENT_CAR-ORGANIZA-AO/vendor/fideloper/proxy/src/TrustProxies.php(57): Illuminate\\Pipeline\\Pipeline->Illuminate\\Pipeline\\{closure}()
#30 /home/antonio-adao/Transferências/RENT_CAR-ORGANIZA-AO/vendor/laravel/framework/src/Illuminate/Pipeline/Pipeline.php(167): Fideloper\\Proxy\\TrustProxies->handle()
#31 /home/antonio-adao/Transferências/RENT_CAR-ORGANIZA-AO/vendor/laravel/framework/src/Illuminate/Pipeline/Pipeline.php(103): Illuminate\\Pipeline\\Pipeline->Illuminate\\Pipeline\\{closure}()
#32 /home/antonio-adao/Transferências/RENT_CAR-ORGANIZA-AO/vendor/laravel/framework/src/Illuminate/Foundation/Http/Kernel.php(140): Illuminate\\Pipeline\\Pipeline->then()
#33 /home/antonio-adao/Transferências/RENT_CAR-ORGANIZA-AO/vendor/laravel/framework/src/Illuminate/Foundation/Http/Kernel.php(109): Illuminate\\Foundation\\Http\\Kernel->sendRequestThroughRouter()
#34 /home/antonio-adao/Transferências/RENT_CAR-ORGANIZA-AO/public/index.php(55): Illuminate\\Foundation\\Http\\Kernel->handle()
#35 /home/antonio-adao/Transferências/RENT_CAR-ORGANIZA-AO/server.php(21): require_once('/home/antonio-a...')
#36 {main}
"} 
